<?xml version="1.0" encoding="UTF-8"?>
<!-- Generated by org.testng.reporters.JUnitReportReporter -->
<testsuite hostname="FVFHXF1CQ6LR" failures="0" tests="3" name="com.wipro.testcases.ValidateMenu" time="21.229" errors="0" timestamp="2023-04-29T13:29:33 IST" skipped="0">
  <testcase classname="com.wipro.testcases.ValidateMenu" name="loginTest" time="5.162"/>
  <system-out/>
  <testcase classname="com.wipro.testcases.ValidateMenu" name="valiadteLogout" time="5.971"/>
  <system-out/>
  <testcase classname="com.wipro.testcases.ValidateMenu" name="validateMenuTest" time="10.096"/>
  <system-out/>
</testsuite> <!-- com.wipro.testcases.ValidateMenu -->
