<?xml version="1.0" encoding="UTF-8"?>
<!-- Generated by org.testng.reporters.JUnitReportReporter -->
<testsuite hostname="DESKTOP-00M843A" failures="0" tests="3" name="com.wipro.testcases.ValidateMenu" time="22.469" errors="0" timestamp="2023-04-29T22:44:35 IST" skipped="0">
  <testcase classname="com.wipro.testcases.ValidateMenu" name="loginTest" time="5.550"/>
  <system-out/>
  <testcase classname="com.wipro.testcases.ValidateMenu" name="validateMenuTest" time="10.971"/>
  <system-out/>
  <testcase classname="com.wipro.testcases.ValidateMenu" name="valiadteLogout" time="5.948"/>
  <system-out/>
</testsuite> <!-- com.wipro.testcases.ValidateMenu -->
