<?xml version="1.0" encoding="UTF-8"?>
<!-- Generated by org.testng.reporters.JUnitReportReporter -->
<testsuite hostname="DESKTOP-00M843A" failures="0" tests="1" name="com.wipro.testcases.AccountRegister" time="10.815" errors="0" timestamp="2023-04-29T22:44:35 IST" skipped="0">
  <testcase classname="com.wipro.testcases.AccountRegister" name="createAccount" time="10.815"/>
  <system-out/>
</testsuite> <!-- com.wipro.testcases.AccountRegister -->
